<?xml version="1.0" encoding="UTF-8"?>
<!-- Generated by org.testng.reporters.JUnitXMLReporter -->
<testsuite ignored="1" hostname="DESKTOP-MMONDMP" failures="0" tests="1" name="Second Test" time="0.005" errors="0" timestamp="2025-07-18T17:39:15 GMT+07:00">
  <testcase classname="Buoi16.testannotation.TestAnnotation" name="testTwoMethod" time="0.0"/>
  <testcase classname="Buoi16.testannotation.TestAnnotation" name="testOneMethod" time="0.0">
    <ignored/>
  </testcase> <!-- testOneMethod -->
</testsuite> <!-- Second Test -->
