<?xml version="1.0" encoding="UTF-8"?>
<!-- Generated by org.testng.reporters.JUnitXMLReporter -->
<testsuite ignored="1" hostname="DESKTOP-MMONDMP" failures="0" tests="7" name="AnhTester_TestNG" time="0.046" errors="0" timestamp="2025-07-18T13:16:18 GMT+07:00">
  <testcase classname="secondpackage.FirstClass" name="firstMethod" time="0.005"/>
  <testcase classname="secondpackage.FirstClass" name="secondMethod" time="0.0"/>
  <testcase classname="Buoi15.packagetong.first.FirstClass" name="firstMethod" time="0.0"/>
  <testcase classname="Buoi15.packagetong.first.FirstClass" name="secondMethod" time="0.001"/>
  <testcase classname="Buoi15.packagetong.third.FirstClass" name="firstMethod" time="0.0"/>
  <testcase classname="firstpackage.SecondClass" name="firstMethod" time="0.001"/>
  <testcase classname="firstpackage.SecondClass" name="secondMethod" time="0.0"/>
  <testcase classname="Buoi15.packagetong.third.FirstClass" name="secondMethod" time="0.0">
    <ignored/>
  </testcase> <!-- secondMethod -->
</testsuite> <!-- AnhTester_TestNG -->
